Determining if the pthread_create exist failed with the following output:
Change Dir: /home/catalina/PCL_Notes/pcl_icp1/cmake-build-debug/CMakeFiles/CMakeTmp

Run Build Command:"/usr/bin/make" "cmTC_40977/fast"
/usr/bin/make -f CMakeFiles/cmTC_40977.dir/build.make CMakeFiles/cmTC_40977.dir/build
make[1]: Entering directory '/home/catalina/PCL_Notes/pcl_icp1/cmake-build-debug/CMakeFiles/CMakeTmp'
Building C object CMakeFiles/cmTC_40977.dir/CheckSymbolExists.c.o
/usr/bin/cc    -o CMakeFiles/cmTC_40977.dir/CheckSymbolExists.c.o   -c /home/catalina/PCL_Notes/pcl_icp1/cmake-build-debug/CMakeFiles/CMakeTmp/CheckSymbolExists.c
Linking C executable cmTC_40977
/home/catalina/software/clion-2019.1/bin/cmake/linux/bin/cmake -E cmake_link_script CMakeFiles/cmTC_40977.dir/link.txt --verbose=1
/usr/bin/cc      CMakeFiles/cmTC_40977.dir/CheckSymbolExists.c.o  -o cmTC_40977 
CMakeFiles/cmTC_40977.dir/CheckSymbolExists.c.o：在函数‘main’中：
CheckSymbolExists.c:(.text+0x16)：对‘pthread_create’未定义的引用
collect2: error: ld returned 1 exit status
CMakeFiles/cmTC_40977.dir/build.make:86: recipe for target 'cmTC_40977' failed
make[1]: *** [cmTC_40977] Error 1
make[1]: Leaving directory '/home/catalina/PCL_Notes/pcl_icp1/cmake-build-debug/CMakeFiles/CMakeTmp'
Makefile:121: recipe for target 'cmTC_40977/fast' failed
make: *** [cmTC_40977/fast] Error 2

File /home/catalina/PCL_Notes/pcl_icp1/cmake-build-debug/CMakeFiles/CMakeTmp/CheckSymbolExists.c:
/* */
#include <pthread.h>

int main(int argc, char** argv)
{
  (void)argv;
#ifndef pthread_create
  return ((int*)(&pthread_create))[argc];
#else
  (void)argc;
  return 0;
#endif
}

Determining if the function pthread_create exists in the pthreads failed with the following output:
Change Dir: /home/catalina/PCL_Notes/pcl_icp1/cmake-build-debug/CMakeFiles/CMakeTmp

Run Build Command:"/usr/bin/make" "cmTC_e3d25/fast"
/usr/bin/make -f CMakeFiles/cmTC_e3d25.dir/build.make CMakeFiles/cmTC_e3d25.dir/build
make[1]: Entering directory '/home/catalina/PCL_Notes/pcl_icp1/cmake-build-debug/CMakeFiles/CMakeTmp'
Building C object CMakeFiles/cmTC_e3d25.dir/CheckFunctionExists.c.o
/usr/bin/cc   -DCHECK_FUNCTION_EXISTS=pthread_create   -o CMakeFiles/cmTC_e3d25.dir/CheckFunctionExists.c.o   -c /home/catalina/software/clion-2019.1/bin/cmake/linux/share/cmake-3.13/Modules/CheckFunctionExists.c
Linking C executable cmTC_e3d25
/home/catalina/software/clion-2019.1/bin/cmake/linux/bin/cmake -E cmake_link_script CMakeFiles/cmTC_e3d25.dir/link.txt --verbose=1
/usr/bin/cc  -DCHECK_FUNCTION_EXISTS=pthread_create    CMakeFiles/cmTC_e3d25.dir/CheckFunctionExists.c.o  -o cmTC_e3d25 -lpthreads 
/usr/bin/ld: 找不到 -lpthreads
collect2: error: ld returned 1 exit status
CMakeFiles/cmTC_e3d25.dir/build.make:86: recipe for target 'cmTC_e3d25' failed
make[1]: *** [cmTC_e3d25] Error 1
make[1]: Leaving directory '/home/catalina/PCL_Notes/pcl_icp1/cmake-build-debug/CMakeFiles/CMakeTmp'
Makefile:121: recipe for target 'cmTC_e3d25/fast' failed
make: *** [cmTC_e3d25/fast] Error 2


